[1214/171534.649:ERROR:directory_reader_win.cc(43)] FindFirstFile: The system cannot find the path specified. (0x3)
[1216/121305.855:ERROR:directory_reader_win.cc(43)] FindFirstFile: The system cannot find the path specified. (0x3)
[1216/145940.599:ERROR:process_memory_win.cc(73)] ReadMemory at 0x7f7b4440000 of 64 bytes failed: Only part of a ReadProcessMemory or WriteProcessMemory request was completed. (0x12B)
[1216/145940.768:WARNING:pe_image_reader.cc(340)] could not read dos header from C:\Program Files\Google\Chrome\Application\chrome.exe
[1216/145940.768:ERROR:process_memory_win.cc(73)] ReadMemory at 0x7fe715f0000 of 64 bytes failed: Only part of a ReadProcessMemory or WriteProcessMemory request was completed. (0x12B)
[1216/145940.768:WARNING:pe_image_reader.cc(340)] could not read dos header from C:\windows\SYSTEM32\ntdll.dll
[1216/145940.768:ERROR:process_memory_win.cc(73)] ReadMemory at 0x7fe6ecf0000 of 64 bytes failed: Only part of a ReadProcessMemory or WriteProcessMemory request was completed. (0x12B)
[1216/145940.768:WARNING:pe_image_reader.cc(340)] could not read dos header from C:\windows\system32\KERNEL32.dll
[1216/145940.769:ERROR:process_memory_win.cc(73)] ReadMemory at 0x7fe6e7b0000 of 64 bytes failed: Only part of a ReadProcessMemory or WriteProcessMemory request was completed. (0x12B)
[1216/145940.769:WARNING:pe_image_reader.cc(340)] could not read dos header from C:\windows\system32\KERNELBASE.dll
[1216/145940.769:ERROR:process_memory_win.cc(73)] ReadMemory at 0x7fe55fa0000 of 64 bytes failed: Only part of a ReadProcessMemory or WriteProcessMemory request was completed. (0x12B)
[1216/145940.769:WARNING:pe_image_reader.cc(340)] could not read dos header from C:\Program Files\Google\Chrome\Application\87.0.4280.88\chrome_elf.dll
[1216/145940.769:ERROR:process_memory_win.cc(73)] ReadMemory at 0x7fe6be90000 of 64 bytes failed: Only part of a ReadProcessMemory or WriteProcessMemory request was completed. (0x12B)
[1216/145940.769:WARNING:pe_image_reader.cc(340)] could not read dos header from C:\windows\SYSTEM32\VERSION.dll
[1216/145940.769:ERROR:process_memory_win.cc(73)] ReadMemory at 0x7fe70ea0000 of 64 bytes failed: Only part of a ReadProcessMemory or WriteProcessMemory request was completed. (0x12B)
[1216/145940.769:WARNING:pe_image_reader.cc(340)] could not read dos header from C:\windows\system32\msvcrt.dll
[1216/145940.769:ERROR:process_memory_win.cc(73)] ReadMemory at 0x7fe707e0000 of 64 bytes failed: Only part of a ReadProcessMemory or WriteProcessMemory request was completed. (0x12B)
[1216/145940.769:WARNING:pe_image_reader.cc(340)] could not read dos header from C:\windows\system32\ADVAPI32.dll
[1216/145940.769:ERROR:process_memory_win.cc(73)] ReadMemory at 0x7fe6eab0000 of 64 bytes failed: Only part of a ReadProcessMemory or WriteProcessMemory request was completed. (0x12B)
[1216/145940.769:WARNING:pe_image_reader.cc(340)] could not read dos header from C:\windows\SYSTEM32\sechost.dll
[1216/145940.769:ERROR:process_memory_win.cc(73)] ReadMemory at 0x7fe70490000 of 64 bytes failed: Only part of a ReadProcessMemory or WriteProcessMemory request was completed. (0x12B)
[1216/145940.769:WARNING:pe_image_reader.cc(340)] could not read dos header from C:\windows\system32\RPCRT4.dll
[1216/145940.769:ERROR:process_memory_win.cc(73)] ReadMemory at 0x7fe3e7b0000 of 64 bytes failed: Only part of a ReadProcessMemory or WriteProcessMemory request was completed. (0x12B)
[1216/145940.769:WARNING:pe_image_reader.cc(340)] could not read dos header from C:\Program Files\Google\Chrome\Application\87.0.4280.88\chrome.dll
[1216/145940.769:ERROR:process_memory_win.cc(73)] ReadMemory at 0x7fe55da0000 of 64 bytes failed: Only part of a ReadProcessMemory or WriteProcessMemory request was completed. (0x12B)
[1216/145940.769:WARNING:pe_image_reader.cc(340)] could not read dos header from C:\windows\SYSTEM32\dbghelp.dll
[1216/145940.769:ERROR:process_memory_win.cc(73)] ReadMemory at 0x7fe70780000 of 64 bytes failed: Only part of a ReadProcessMemory or WriteProcessMemory request was completed. (0x12B)
[1216/145940.769:WARNING:pe_image_reader.cc(340)] could not read dos header from C:\windows\system32\WS2_32.dll
[1216/145940.769:ERROR:process_memory_win.cc(73)] ReadMemory at 0x7fe68fd0000 of 64 bytes failed: Only part of a ReadProcessMemory or WriteProcessMemory request was completed. (0x12B)
[1216/145940.769:WARNING:pe_image_reader.cc(340)] could not read dos header from C:\windows\SYSTEM32\IPHLPAPI.DLL
[1216/145940.769:ERROR:process_memory_win.cc(73)] ReadMemory at 0x7fe6ec20000 of 64 bytes failed: Only part of a ReadProcessMemory or WriteProcessMemory request was completed. (0x12B)
[1216/145940.769:WARNING:pe_image_reader.cc(340)] could not read dos header from C:\windows\system32\OLEAUT32.dll
[1216/145940.769:ERROR:process_memory_win.cc(73)] ReadMemory at 0x7fe6be50000 of 64 bytes failed: Only part of a ReadProcessMemory or WriteProcessMemory request was completed. (0x12B)
[1216/145940.769:WARNING:pe_image_reader.cc(340)] could not read dos header from C:\windows\SYSTEM32\WINMM.dll
[1216/145940.769:ERROR:process_memory_win.cc(73)] ReadMemory at 0x7fe6bf80000 of 64 bytes failed: Only part of a ReadProcessMemory or WriteProcessMemory request was completed. (0x12B)
[1216/145940.769:WARNING:pe_image_reader.cc(340)] could not read dos header from C:\windows\SYSTEM32\UIAutomationCore.DLL
[1216/145940.769:ERROR:process_memory_win.cc(73)] ReadMemory at 0x7fe67030000 of 64 bytes failed: Only part of a ReadProcessMemory or WriteProcessMemory request was completed. (0x12B)
[1216/145940.769:WARNING:pe_image_reader.cc(340)] could not read dos header from C:\windows\SYSTEM32\Secur32.dll
[1216/145940.769:ERROR:process_memory_win.cc(73)] ReadMemory at 0x7fe6db30000 of 64 bytes failed: Only part of a ReadProcessMemory or WriteProcessMemory request was completed. (0x12B)
[1216/145940.769:WARNING:pe_image_reader.cc(340)] could not read dos header from C:\windows\SYSTEM32\USERENV.dll
[1216/145940.769:ERROR:process_memory_win.cc(73)] ReadMemory at 0x7fe6e8b0000 of 64 bytes failed: Only part of a ReadProcessMemory or WriteProcessMemory request was completed. (0x12B)
[1216/145940.769:WARNING:pe_image_reader.cc(340)] could not read dos header from C:\windows\system32\WINTRUST.dll
[1216/145940.770:ERROR:process_memory_win.cc(73)] ReadMemory at 0x7fe6e5d0000 of 64 bytes failed: Only part of a ReadProcessMemory or WriteProcessMemory request was completed. (0x12B)
[1216/145940.770:WARNING:pe_image_reader.cc(340)] could not read dos header from C:\windows\system32\CRYPT32.dll
[1216/145940.770:ERROR:process_memory_win.cc(73)] ReadMemory at 0x7fe6c630000 of 64 bytes failed: Only part of a ReadProcessMemory or WriteProcessMemory request was completed. (0x12B)
[1216/145940.770:WARNING:pe_image_reader.cc(340)] could not read dos header from C:\windows\SYSTEM32\DWrite.dll
[1216/145940.770:ERROR:process_memory_win.cc(73)] ReadMemory at 0x7fe69200000 of 64 bytes failed: Only part of a ReadProcessMemory or WriteProcessMemory request was completed. (0x12B)
[1216/145940.770:WARNING:pe_image_reader.cc(340)] could not read dos header from C:\windows\SYSTEM32\WINSPOOL.DRV
[1216/145940.770:ERROR:process_memory_win.cc(73)] ReadMemory at 0x7fe5eb20000 of 64 bytes failed: Only part of a ReadProcessMemory or WriteProcessMemory request was completed. (0x12B)
[1216/145940.770:WARNING:pe_image_reader.cc(340)] could not read dos header from C:\windows\SYSTEM32\WINHTTP.dll
[1216/145940.770:ERROR:process_memory_win.cc(73)] ReadMemory at 0x7fe68c40000 of 64 bytes failed: Only part of a ReadProcessMemory or WriteProcessMemory request was completed. (0x12B)
[1216/145940.770:WARNING:pe_image_reader.cc(340)] could not read dos header from C:\windows\SYSTEM32\dhcpcsvc.DLL
[1216/145940.770:ERROR:process_memory_win.cc(73)] ReadMemory at 0x7fe70470000 of 64 bytes failed: Only part of a ReadProcessMemory or WriteProcessMemory request was completed. (0x12B)
[1216/145940.770:WARNING:pe_image_reader.cc(340)] could not read dos header from C:\windows\system32\NSI.dll
[1216/145940.770:ERROR:process_memory_win.cc(73)] ReadMemory at 0x7fe68fb0000 of 64 bytes failed: Only part of a ReadProcessMemory or WriteProcessMemory request was completed. (0x12B)
[1216/145940.770:WARNING:pe_image_reader.cc(340)] could not read dos header from C:\windows\SYSTEM32\WINNSI.DLL
[1216/145940.770:ERROR:process_memory_win.cc(73)] ReadMemory at 0x7fe702c0000 of 64 bytes failed: Only part of a ReadProcessMemory or WriteProcessMemory request was completed. (0x12B)
[1216/145940.770:WARNING:pe_image_reader.cc(340)] could not read dos header from C:\windows\system32\combase.dll
[1216/145940.770:ERROR:process_memory_win.cc(73)] ReadMemory at 0x7fe6b0b0000 of 64 bytes failed: Only part of a ReadProcessMemory or WriteProcessMemory request was completed. (0x12B)
[1216/145940.770:WARNING:pe_image_reader.cc(340)] could not read dos header from C:\windows\SYSTEM32\WINMMBASE.dll
[1216/145940.770:ERROR:process_memory_win.cc(73)] ReadMemory at 0x7fe70970000 of 64 bytes failed: Only part of a ReadProcessMemory or WriteProcessMemory request was completed. (0x12B)
[1216/145940.770:WARNING:pe_image_reader.cc(340)] could not read dos header from C:\windows\system32\USER32.dll
[1216/145940.770:ERROR:process_memory_win.cc(73)] ReadMemory at 0x7fe6e500000 of 64 bytes failed: Only part of a ReadProcessMemory or WriteProcessMemory request was completed. (0x12B)
[1216/145940.770:WARNING:pe_image_reader.cc(340)] could not read dos header from C:\windows\SYSTEM32\profapi.dll
[1216/145940.770:ERROR:process_memory_win.cc(73)] ReadMemory at 0x7fe6e5b0000 of 64 bytes failed: Only part of a ReadProcessMemory or WriteProcessMemory request was completed. (0x12B)
[1216/145940.770:WARNING:pe_image_reader.cc(340)] could not read dos header from C:\windows\system32\MSASN1.dll
[1216/145940.770:ERROR:process_memory_win.cc(73)] ReadMemory at 0x7fe6e910000 of 64 bytes failed: Only part of a ReadProcessMemory or WriteProcessMemory request was completed. (0x12B)
[1216/145940.770:WARNING:pe_image_reader.cc(340)] could not read dos header from C:\windows\SYSTEM32\cfgmgr32.dll
[1216/145940.770:ERROR:process_memory_win.cc(73)] ReadMemory at 0x7fe6ea10000 of 64 bytes failed: Only part of a ReadProcessMemory or WriteProcessMemory request was completed. (0x12B)
[1216/145940.770:WARNING:pe_image_reader.cc(340)] could not read dos header from C:\windows\system32\DEVOBJ.dll
[1216/145940.770:ERROR:process_memory_win.cc(73)] ReadMemory at 0x7fe71180000 of 64 bytes failed: Only part of a ReadProcessMemory or WriteProcessMemory request was completed. (0x12B)
[1216/145940.770:WARNING:pe_image_reader.cc(340)] could not read dos header from C:\windows\system32\GDI32.dll
[1216/145940.770:ERROR:process_memory_win.cc(73)] ReadMemory at 0x7fe6e2b0000 of 64 bytes failed: Only part of a ReadProcessMemory or WriteProcessMemory request was completed. (0x12B)
[1216/145940.770:WARNING:pe_image_reader.cc(340)] could not read dos header from C:\windows\SYSTEM32\SSPICLI.DLL
[1216/145940.770:ERROR:process_memory_win.cc(73)] ReadMemory at 0x7fe708d0000 of 64 bytes failed: Only part of a ReadProcessMemory or WriteProcessMemory request was completed. (0x12B)
[1216/145940.770:WARNING:pe_image_reader.cc(340)] could not read dos header from C:\windows\system32\IMM32.DLL
[1216/145940.770:ERROR:process_memory_win.cc(73)] ReadMemory at 0x7fe6eb00000 of 64 bytes failed: Only part of a ReadProcessMemory or WriteProcessMemory request was completed. (0x12B)
[1216/145940.770:WARNING:pe_image_reader.cc(340)] could not read dos header from C:\windows\system32\MSCTF.dll
[1216/145941.333:ERROR:process_memory_win.cc(73)] ReadMemory at 0x7f7b4440000 of 64 bytes failed: Only part of a ReadProcessMemory or WriteProcessMemory request was completed. (0x12B)
[1216/145941.333:WARNING:pe_image_reader.cc(340)] could not read dos header from C:\Program Files\Google\Chrome\Application\chrome.exe
[1216/145941.333:ERROR:process_memory_win.cc(73)] ReadMemory at 0x7fe715f0000 of 64 bytes failed: Only part of a ReadProcessMemory or WriteProcessMemory request was completed. (0x12B)
[1216/145941.333:WARNING:pe_image_reader.cc(340)] could not read dos header from C:\windows\SYSTEM32\ntdll.dll
[1216/145941.333:ERROR:process_memory_win.cc(73)] ReadMemory at 0x7fe6ecf0000 of 64 bytes failed: Only part of a ReadProcessMemory or WriteProcessMemory request was completed. (0x12B)
[1216/145941.334:WARNING:pe_image_reader.cc(340)] could not read dos header from C:\windows\system32\KERNEL32.dll
[1216/145941.334:ERROR:process_memory_win.cc(73)] ReadMemory at 0x7fe6e7b0000 of 64 bytes failed: Only part of a ReadProcessMemory or WriteProcessMemory request was completed. (0x12B)
[1216/145941.334:WARNING:pe_image_reader.cc(340)] could not read dos header from C:\windows\system32\KERNELBASE.dll
[1216/145941.334:ERROR:process_memory_win.cc(73)] ReadMemory at 0x7fe55fa0000 of 64 bytes failed: Only part of a ReadProcessMemory or WriteProcessMemory request was completed. (0x12B)
[1216/145941.334:WARNING:pe_image_reader.cc(340)] could not read dos header from C:\Program Files\Google\Chrome\Application\87.0.4280.88\chrome_elf.dll
[1216/145941.334:ERROR:process_memory_win.cc(73)] ReadMemory at 0x7fe6be90000 of 64 bytes failed: Only part of a ReadProcessMemory or WriteProcessMemory request was completed. (0x12B)
[1216/145941.334:WARNING:pe_image_reader.cc(340)] could not read dos header from C:\windows\SYSTEM32\VERSION.dll
[1216/145941.334:ERROR:process_memory_win.cc(73)] ReadMemory at 0x7fe70ea0000 of 64 bytes failed: Only part of a ReadProcessMemory or WriteProcessMemory request was completed. (0x12B)
[1216/145941.334:WARNING:pe_image_reader.cc(340)] could not read dos header from C:\windows\system32\msvcrt.dll
[1216/145941.334:ERROR:process_memory_win.cc(73)] ReadMemory at 0x7fe707e0000 of 64 bytes failed: Only part of a ReadProcessMemory or WriteProcessMemory request was completed. (0x12B)
[1216/145941.334:WARNING:pe_image_reader.cc(340)] could not read dos header from C:\windows\system32\ADVAPI32.dll
[1216/145941.334:ERROR:process_memory_win.cc(73)] ReadMemory at 0x7fe6eab0000 of 64 bytes failed: Only part of a ReadProcessMemory or WriteProcessMemory request was completed. (0x12B)
[1216/145941.334:WARNING:pe_image_reader.cc(340)] could not read dos header from C:\windows\SYSTEM32\sechost.dll
[1216/145941.334:ERROR:process_memory_win.cc(73)] ReadMemory at 0x7fe70490000 of 64 bytes failed: Only part of a ReadProcessMemory or WriteProcessMemory request was completed. (0x12B)
[1216/145941.334:WARNING:pe_image_reader.cc(340)] could not read dos header from C:\windows\system32\RPCRT4.dll
[1216/145941.334:ERROR:process_memory_win.cc(73)] ReadMemory at 0x7fe3e7b0000 of 64 bytes failed: Only part of a ReadProcessMemory or WriteProcessMemory request was completed. (0x12B)
[1216/145941.334:WARNING:pe_image_reader.cc(340)] could not read dos header from C:\Program Files\Google\Chrome\Application\87.0.4280.88\chrome.dll
[1216/145941.334:ERROR:process_memory_win.cc(73)] ReadMemory at 0x7fe55da0000 of 64 bytes failed: Only part of a ReadProcessMemory or WriteProcessMemory request was completed. (0x12B)
[1216/145941.334:WARNING:pe_image_reader.cc(340)] could not read dos header from C:\windows\SYSTEM32\dbghelp.dll
[1216/145941.334:ERROR:process_memory_win.cc(73)] ReadMemory at 0x7fe70780000 of 64 bytes failed: Only part of a ReadProcessMemory or WriteProcessMemory request was completed. (0x12B)
[1216/145941.334:WARNING:pe_image_reader.cc(340)] could not read dos header from C:\windows\system32\WS2_32.dll
[1216/145941.334:ERROR:process_memory_win.cc(73)] ReadMemory at 0x7fe68fd0000 of 64 bytes failed: Only part of a ReadProcessMemory or WriteProcessMemory request was completed. (0x12B)
[1216/145941.334:WARNING:pe_image_reader.cc(340)] could not read dos header from C:\windows\SYSTEM32\IPHLPAPI.DLL
[1216/145941.334:ERROR:process_memory_win.cc(73)] ReadMemory at 0x7fe6ec20000 of 64 bytes failed: Only part of a ReadProcessMemory or WriteProcessMemory request was completed. (0x12B)
[1216/145941.334:WARNING:pe_image_reader.cc(340)] could not read dos header from C:\windows\system32\OLEAUT32.dll
[1216/145941.334:ERROR:process_memory_win.cc(73)] ReadMemory at 0x7fe6be50000 of 64 bytes failed: Only part of a ReadProcessMemory or WriteProcessMemory request was completed. (0x12B)
[1216/145941.334:WARNING:pe_image_reader.cc(340)] could not read dos header from C:\windows\SYSTEM32\WINMM.dll
[1216/145941.334:ERROR:process_memory_win.cc(73)] ReadMemory at 0x7fe6bf80000 of 64 bytes failed: Only part of a ReadProcessMemory or WriteProcessMemory request was completed. (0x12B)
[1216/145941.334:WARNING:pe_image_reader.cc(340)] could not read dos header from C:\windows\SYSTEM32\UIAutomationCore.DLL
[1216/145941.334:ERROR:process_memory_win.cc(73)] ReadMemory at 0x7fe67030000 of 64 bytes failed: Only part of a ReadProcessMemory or WriteProcessMemory request was completed. (0x12B)
[1216/145941.334:WARNING:pe_image_reader.cc(340)] could not read dos header from C:\windows\SYSTEM32\Secur32.dll
[1216/145941.334:ERROR:process_memory_win.cc(73)] ReadMemory at 0x7fe6db30000 of 64 bytes failed: Only part of a ReadProcessMemory or WriteProcessMemory request was completed. (0x12B)
[1216/145941.334:WARNING:pe_image_reader.cc(340)] could not read dos header from C:\windows\SYSTEM32\USERENV.dll
[1216/145941.334:ERROR:process_memory_win.cc(73)] ReadMemory at 0x7fe6e8b0000 of 64 bytes failed: Only part of a ReadProcessMemory or WriteProcessMemory request was completed. (0x12B)
[1216/145941.335:WARNING:pe_image_reader.cc(340)] could not read dos header from C:\windows\system32\WINTRUST.dll
[1216/145941.335:ERROR:process_memory_win.cc(73)] ReadMemory at 0x7fe6e5d0000 of 64 bytes failed: Only part of a ReadProcessMemory or WriteProcessMemory request was completed. (0x12B)
[1216/145941.335:WARNING:pe_image_reader.cc(340)] could not read dos header from C:\windows\system32\CRYPT32.dll
[1216/145941.335:ERROR:process_memory_win.cc(73)] ReadMemory at 0x7fe6c630000 of 64 bytes failed: Only part of a ReadProcessMemory or WriteProcessMemory request was completed. (0x12B)
[1216/145941.335:WARNING:pe_image_reader.cc(340)] could not read dos header from C:\windows\SYSTEM32\DWrite.dll
[1216/145941.335:ERROR:process_memory_win.cc(73)] ReadMemory at 0x7fe69200000 of 64 bytes failed: Only part of a ReadProcessMemory or WriteProcessMemory request was completed. (0x12B)
[1216/145941.335:WARNING:pe_image_reader.cc(340)] could not read dos header from C:\windows\SYSTEM32\WINSPOOL.DRV
[1216/145941.335:ERROR:process_memory_win.cc(73)] ReadMemory at 0x7fe5eb20000 of 64 bytes failed: Only part of a ReadProcessMemory or WriteProcessMemory request was completed. (0x12B)
[1216/145941.335:WARNING:pe_image_reader.cc(340)] could not read dos header from C:\windows\SYSTEM32\WINHTTP.dll
[1216/145941.335:ERROR:process_memory_win.cc(73)] ReadMemory at 0x7fe68c40000 of 64 bytes failed: Only part of a ReadProcessMemory or WriteProcessMemory request was completed. (0x12B)
[1216/145941.335:WARNING:pe_image_reader.cc(340)] could not read dos header from C:\windows\SYSTEM32\dhcpcsvc.DLL
[1216/145941.335:ERROR:process_memory_win.cc(73)] ReadMemory at 0x7fe70470000 of 64 bytes failed: Only part of a ReadProcessMemory or WriteProcessMemory request was completed. (0x12B)
[1216/145941.335:WARNING:pe_image_reader.cc(340)] could not read dos header from C:\windows\system32\NSI.dll
[1216/145941.335:ERROR:process_memory_win.cc(73)] ReadMemory at 0x7fe68fb0000 of 64 bytes failed: Only part of a ReadProcessMemory or WriteProcessMemory request was completed. (0x12B)
[1216/145941.335:WARNING:pe_image_reader.cc(340)] could not read dos header from C:\windows\SYSTEM32\WINNSI.DLL
[1216/145941.335:ERROR:process_memory_win.cc(73)] ReadMemory at 0x7fe702c0000 of 64 bytes failed: Only part of a ReadProcessMemory or WriteProcessMemory request was completed. (0x12B)
[1216/145941.335:WARNING:pe_image_reader.cc(340)] could not read dos header from C:\windows\system32\combase.dll
[1216/145941.335:ERROR:process_memory_win.cc(73)] ReadMemory at 0x7fe6b0b0000 of 64 bytes failed: Only part of a ReadProcessMemory or WriteProcessMemory request was completed. (0x12B)
[1216/145941.335:WARNING:pe_image_reader.cc(340)] could not read dos header from C:\windows\SYSTEM32\WINMMBASE.dll
[1216/145941.335:ERROR:process_memory_win.cc(73)] ReadMemory at 0x7fe70970000 of 64 bytes failed: Only part of a ReadProcessMemory or WriteProcessMemory request was completed. (0x12B)
[1216/145941.335:WARNING:pe_image_reader.cc(340)] could not read dos header from C:\windows\system32\USER32.dll
[1216/145941.335:ERROR:process_memory_win.cc(73)] ReadMemory at 0x7fe6e500000 of 64 bytes failed: Only part of a ReadProcessMemory or WriteProcessMemory request was completed. (0x12B)
[1216/145941.335:WARNING:pe_image_reader.cc(340)] could not read dos header from C:\windows\SYSTEM32\profapi.dll
[1216/145941.335:ERROR:process_memory_win.cc(73)] ReadMemory at 0x7fe6e5b0000 of 64 bytes failed: Only part of a ReadProcessMemory or WriteProcessMemory request was completed. (0x12B)
[1216/145941.335:WARNING:pe_image_reader.cc(340)] could not read dos header from C:\windows\system32\MSASN1.dll
[1216/145941.335:ERROR:process_memory_win.cc(73)] ReadMemory at 0x7fe6e910000 of 64 bytes failed: Only part of a ReadProcessMemory or WriteProcessMemory request was completed. (0x12B)
[1216/145941.335:WARNING:pe_image_reader.cc(340)] could not read dos header from C:\windows\SYSTEM32\cfgmgr32.dll
[1216/145941.335:ERROR:process_memory_win.cc(73)] ReadMemory at 0x7fe6ea10000 of 64 bytes failed: Only part of a ReadProcessMemory or WriteProcessMemory request was completed. (0x12B)
[1216/145941.335:WARNING:pe_image_reader.cc(340)] could not read dos header from C:\windows\system32\DEVOBJ.dll
[1216/145941.335:ERROR:process_memory_win.cc(73)] ReadMemory at 0x7fe71180000 of 64 bytes failed: Only part of a ReadProcessMemory or WriteProcessMemory request was completed. (0x12B)
[1216/145941.335:WARNING:pe_image_reader.cc(340)] could not read dos header from C:\windows\system32\GDI32.dll
[1216/145941.335:ERROR:process_memory_win.cc(73)] ReadMemory at 0x7fe6e2b0000 of 64 bytes failed: Only part of a ReadProcessMemory or WriteProcessMemory request was completed. (0x12B)
[1216/145941.335:WARNING:pe_image_reader.cc(340)] could not read dos header from C:\windows\SYSTEM32\SSPICLI.DLL
[1216/145941.335:ERROR:process_memory_win.cc(73)] ReadMemory at 0x7fe708d0000 of 64 bytes failed: Only part of a ReadProcessMemory or WriteProcessMemory request was completed. (0x12B)
[1216/145941.335:WARNING:pe_image_reader.cc(340)] could not read dos header from C:\windows\system32\IMM32.DLL
[1216/145941.335:ERROR:process_memory_win.cc(73)] ReadMemory at 0x7fe6eb00000 of 64 bytes failed: Only part of a ReadProcessMemory or WriteProcessMemory request was completed. (0x12B)
[1216/145941.335:WARNING:pe_image_reader.cc(340)] could not read dos header from C:\windows\system32\MSCTF.dll
[1216/145941.335:ERROR:process_memory_win.cc(73)] ReadMemory at 0x7f7b4440000 of 64 bytes failed: Only part of a ReadProcessMemory or WriteProcessMemory request was completed. (0x12B)
[1216/145941.336:WARNING:pe_image_reader.cc(340)] could not read dos header from C:\Program Files\Google\Chrome\Application\chrome.exe
[1216/145941.336:ERROR:process_memory_win.cc(73)] ReadMemory at 0x7fe715f0000 of 64 bytes failed: Only part of a ReadProcessMemory or WriteProcessMemory request was completed. (0x12B)
[1216/145941.336:WARNING:pe_image_reader.cc(340)] could not read dos header from C:\windows\SYSTEM32\ntdll.dll
[1216/145941.336:ERROR:process_memory_win.cc(73)] ReadMemory at 0x7fe6ecf0000 of 64 bytes failed: Only part of a ReadProcessMemory or WriteProcessMemory request was completed. (0x12B)
[1216/145941.336:WARNING:pe_image_reader.cc(340)] could not read dos header from C:\windows\system32\KERNEL32.dll
[1216/145941.336:ERROR:process_memory_win.cc(73)] ReadMemory at 0x7fe6e7b0000 of 64 bytes failed: Only part of a ReadProcessMemory or WriteProcessMemory request was completed. (0x12B)
[1216/145941.336:WARNING:pe_image_reader.cc(340)] could not read dos header from C:\windows\system32\KERNELBASE.dll
[1216/145941.336:ERROR:process_memory_win.cc(73)] ReadMemory at 0x7fe55fa0000 of 64 bytes failed: Only part of a ReadProcessMemory or WriteProcessMemory request was completed. (0x12B)
[1216/145941.336:WARNING:pe_image_reader.cc(340)] could not read dos header from C:\Program Files\Google\Chrome\Application\87.0.4280.88\chrome_elf.dll
[1216/145941.336:ERROR:process_memory_win.cc(73)] ReadMemory at 0x7fe6be90000 of 64 bytes failed: Only part of a ReadProcessMemory or WriteProcessMemory request was completed. (0x12B)
[1216/145941.336:WARNING:pe_image_reader.cc(340)] could not read dos header from C:\windows\SYSTEM32\VERSION.dll
[1216/145941.336:ERROR:process_memory_win.cc(73)] ReadMemory at 0x7fe70ea0000 of 64 bytes failed: Only part of a ReadProcessMemory or WriteProcessMemory request was completed. (0x12B)
[1216/145941.336:WARNING:pe_image_reader.cc(340)] could not read dos header from C:\windows\system32\msvcrt.dll
[1216/145941.336:ERROR:process_memory_win.cc(73)] ReadMemory at 0x7fe707e0000 of 64 bytes failed: Only part of a ReadProcessMemory or WriteProcessMemory request was completed. (0x12B)
[1216/145941.336:WARNING:pe_image_reader.cc(340)] could not read dos header from C:\windows\system32\ADVAPI32.dll
[1216/145941.336:ERROR:process_memory_win.cc(73)] ReadMemory at 0x7fe6eab0000 of 64 bytes failed: Only part of a ReadProcessMemory or WriteProcessMemory request was completed. (0x12B)
[1216/145941.336:WARNING:pe_image_reader.cc(340)] could not read dos header from C:\windows\SYSTEM32\sechost.dll
[1216/145941.336:ERROR:process_memory_win.cc(73)] ReadMemory at 0x7fe70490000 of 64 bytes failed: Only part of a ReadProcessMemory or WriteProcessMemory request was completed. (0x12B)
[1216/145941.336:WARNING:pe_image_reader.cc(340)] could not read dos header from C:\windows\system32\RPCRT4.dll
[1216/145941.336:ERROR:process_memory_win.cc(73)] ReadMemory at 0x7fe3e7b0000 of 64 bytes failed: Only part of a ReadProcessMemory or WriteProcessMemory request was completed. (0x12B)
[1216/145941.336:WARNING:pe_image_reader.cc(340)] could not read dos header from C:\Program Files\Google\Chrome\Application\87.0.4280.88\chrome.dll
[1216/145941.336:ERROR:process_memory_win.cc(73)] ReadMemory at 0x7fe55da0000 of 64 bytes failed: Only part of a ReadProcessMemory or WriteProcessMemory request was completed. (0x12B)
[1216/145941.336:WARNING:pe_image_reader.cc(340)] could not read dos header from C:\windows\SYSTEM32\dbghelp.dll
[1216/145941.336:ERROR:process_memory_win.cc(73)] ReadMemory at 0x7fe70780000 of 64 bytes failed: Only part of a ReadProcessMemory or WriteProcessMemory request was completed. (0x12B)
[1216/145941.336:WARNING:pe_image_reader.cc(340)] could not read dos header from C:\windows\system32\WS2_32.dll
[1216/145941.336:ERROR:process_memory_win.cc(73)] ReadMemory at 0x7fe68fd0000 of 64 bytes failed: Only part of a ReadProcessMemory or WriteProcessMemory request was completed. (0x12B)
[1216/145941.336:WARNING:pe_image_reader.cc(340)] could not read dos header from C:\windows\SYSTEM32\IPHLPAPI.DLL
[1216/145941.336:ERROR:process_memory_win.cc(73)] ReadMemory at 0x7fe6ec20000 of 64 bytes failed: Only part of a ReadProcessMemory or WriteProcessMemory request was completed. (0x12B)
[1216/145941.336:WARNING:pe_image_reader.cc(340)] could not read dos header from C:\windows\system32\OLEAUT32.dll
[1216/145941.336:ERROR:process_memory_win.cc(73)] ReadMemory at 0x7fe6be50000 of 64 bytes failed: Only part of a ReadProcessMemory or WriteProcessMemory request was completed. (0x12B)
[1216/145941.336:WARNING:pe_image_reader.cc(340)] could not read dos header from C:\windows\SYSTEM32\WINMM.dll
[1216/145941.336:ERROR:process_memory_win.cc(73)] ReadMemory at 0x7fe6bf80000 of 64 bytes failed: Only part of a ReadProcessMemory or WriteProcessMemory request was completed. (0x12B)
[1216/145941.336:WARNING:pe_image_reader.cc(340)] could not read dos header from C:\windows\SYSTEM32\UIAutomationCore.DLL
[1216/145941.336:ERROR:process_memory_win.cc(73)] ReadMemory at 0x7fe67030000 of 64 bytes failed: Only part of a ReadProcessMemory or WriteProcessMemory request was completed. (0x12B)
[1216/145941.336:WARNING:pe_image_reader.cc(340)] could not read dos header from C:\windows\SYSTEM32\Secur32.dll
[1216/145941.336:ERROR:process_memory_win.cc(73)] ReadMemory at 0x7fe6db30000 of 64 bytes failed: Only part of a ReadProcessMemory or WriteProcessMemory request was completed. (0x12B)
[1216/145941.336:WARNING:pe_image_reader.cc(340)] could not read dos header from C:\windows\SYSTEM32\USERENV.dll
[1216/145941.336:ERROR:process_memory_win.cc(73)] ReadMemory at 0x7fe6e8b0000 of 64 bytes failed: Only part of a ReadProcessMemory or WriteProcessMemory request was completed. (0x12B)
[1216/145941.336:WARNING:pe_image_reader.cc(340)] could not read dos header from C:\windows\system32\WINTRUST.dll
[1216/145941.337:ERROR:process_memory_win.cc(73)] ReadMemory at 0x7fe6e5d0000 of 64 bytes failed: Only part of a ReadProcessMemory or WriteProcessMemory request was completed. (0x12B)
[1216/145941.337:WARNING:pe_image_reader.cc(340)] could not read dos header from C:\windows\system32\CRYPT32.dll
[1216/145941.337:ERROR:process_memory_win.cc(73)] ReadMemory at 0x7fe6c630000 of 64 bytes failed: Only part of a ReadProcessMemory or WriteProcessMemory request was completed. (0x12B)
[1216/145941.337:WARNING:pe_image_reader.cc(340)] could not read dos header from C:\windows\SYSTEM32\DWrite.dll
[1216/145941.337:ERROR:process_memory_win.cc(73)] ReadMemory at 0x7fe69200000 of 64 bytes failed: Only part of a ReadProcessMemory or WriteProcessMemory request was completed. (0x12B)
[1216/145941.337:WARNING:pe_image_reader.cc(340)] could not read dos header from C:\windows\SYSTEM32\WINSPOOL.DRV
[1216/145941.337:ERROR:process_memory_win.cc(73)] ReadMemory at 0x7fe5eb20000 of 64 bytes failed: Only part of a ReadProcessMemory or WriteProcessMemory request was completed. (0x12B)
[1216/145941.337:WARNING:pe_image_reader.cc(340)] could not read dos header from C:\windows\SYSTEM32\WINHTTP.dll
[1216/145941.337:ERROR:process_memory_win.cc(73)] ReadMemory at 0x7fe68c40000 of 64 bytes failed: Only part of a ReadProcessMemory or WriteProcessMemory request was completed. (0x12B)
[1216/145941.337:WARNING:pe_image_reader.cc(340)] could not read dos header from C:\windows\SYSTEM32\dhcpcsvc.DLL
[1216/145941.337:ERROR:process_memory_win.cc(73)] ReadMemory at 0x7fe70470000 of 64 bytes failed: Only part of a ReadProcessMemory or WriteProcessMemory request was completed. (0x12B)
[1216/145941.337:WARNING:pe_image_reader.cc(340)] could not read dos header from C:\windows\system32\NSI.dll
[1216/145941.337:ERROR:process_memory_win.cc(73)] ReadMemory at 0x7fe68fb0000 of 64 bytes failed: Only part of a ReadProcessMemory or WriteProcessMemory request was completed. (0x12B)
[1216/145941.337:WARNING:pe_image_reader.cc(340)] could not read dos header from C:\windows\SYSTEM32\WINNSI.DLL
[1216/145941.337:ERROR:process_memory_win.cc(73)] ReadMemory at 0x7fe702c0000 of 64 bytes failed: Only part of a ReadProcessMemory or WriteProcessMemory request was completed. (0x12B)
[1216/145941.337:WARNING:pe_image_reader.cc(340)] could not read dos header from C:\windows\system32\combase.dll
[1216/145941.337:ERROR:process_memory_win.cc(73)] ReadMemory at 0x7fe6b0b0000 of 64 bytes failed: Only part of a ReadProcessMemory or WriteProcessMemory request was completed. (0x12B)
[1216/145941.337:WARNING:pe_image_reader.cc(340)] could not read dos header from C:\windows\SYSTEM32\WINMMBASE.dll
[1216/145941.337:ERROR:process_memory_win.cc(73)] ReadMemory at 0x7fe70970000 of 64 bytes failed: Only part of a ReadProcessMemory or WriteProcessMemory request was completed. (0x12B)
[1216/145941.337:WARNING:pe_image_reader.cc(340)] could not read dos header from C:\windows\system32\USER32.dll
[1216/145941.337:ERROR:process_memory_win.cc(73)] ReadMemory at 0x7fe6e500000 of 64 bytes failed: Only part of a ReadProcessMemory or WriteProcessMemory request was completed. (0x12B)
[1216/145941.337:WARNING:pe_image_reader.cc(340)] could not read dos header from C:\windows\SYSTEM32\profapi.dll
[1216/145941.337:ERROR:process_memory_win.cc(73)] ReadMemory at 0x7fe6e5b0000 of 64 bytes failed: Only part of a ReadProcessMemory or WriteProcessMemory request was completed. (0x12B)
[1216/145941.337:WARNING:pe_image_reader.cc(340)] could not read dos header from C:\windows\system32\MSASN1.dll
[1216/145941.337:ERROR:process_memory_win.cc(73)] ReadMemory at 0x7fe6e910000 of 64 bytes failed: Only part of a ReadProcessMemory or WriteProcessMemory request was completed. (0x12B)
[1216/145941.358:WARNING:pe_image_reader.cc(340)] could not read dos header from C:\windows\SYSTEM32\cfgmgr32.dll
[1216/145941.358:ERROR:process_memory_win.cc(73)] ReadMemory at 0x7fe6ea10000 of 64 bytes failed: Only part of a ReadProcessMemory or WriteProcessMemory request was completed. (0x12B)
[1216/145941.359:WARNING:pe_image_reader.cc(340)] could not read dos header from C:\windows\system32\DEVOBJ.dll
[1216/145941.359:ERROR:process_memory_win.cc(73)] ReadMemory at 0x7fe71180000 of 64 bytes failed: Only part of a ReadProcessMemory or WriteProcessMemory request was completed. (0x12B)
[1216/145941.359:WARNING:pe_image_reader.cc(340)] could not read dos header from C:\windows\system32\GDI32.dll
[1216/145941.359:ERROR:process_memory_win.cc(73)] ReadMemory at 0x7fe6e2b0000 of 64 bytes failed: Only part of a ReadProcessMemory or WriteProcessMemory request was completed. (0x12B)
[1216/145941.359:WARNING:pe_image_reader.cc(340)] could not read dos header from C:\windows\SYSTEM32\SSPICLI.DLL
[1216/145941.359:ERROR:process_memory_win.cc(73)] ReadMemory at 0x7fe708d0000 of 64 bytes failed: Only part of a ReadProcessMemory or WriteProcessMemory request was completed. (0x12B)
[1216/145941.359:WARNING:pe_image_reader.cc(340)] could not read dos header from C:\windows\system32\IMM32.DLL
[1216/145941.359:ERROR:process_memory_win.cc(73)] ReadMemory at 0x7fe6eb00000 of 64 bytes failed: Only part of a ReadProcessMemory or WriteProcessMemory request was completed. (0x12B)
[1216/145941.359:WARNING:pe_image_reader.cc(340)] could not read dos header from C:\windows\system32\MSCTF.dll
[1216/145941.363:ERROR:process_memory_win.cc(73)] ReadMemory at 0x9ffc58c000 of 16384 bytes failed: Only part of a ReadProcessMemory or WriteProcessMemory request was completed. (0x12B)
[1216/145941.363:ERROR:process_memory_win.cc(73)] ReadMemory at 0x9f809ae000 of 8192 bytes failed: Only part of a ReadProcessMemory or WriteProcessMemory request was completed. (0x12B)
[1216/145941.364:ERROR:process_memory_win.cc(73)] ReadMemory at 0x9ffc5eabea of 512 bytes failed: Only part of a ReadProcessMemory or WriteProcessMemory request was completed. (0x12B)
[1216/145941.364:ERROR:process_memory_win.cc(73)] ReadMemory at 0x9ffc7c0720 of 64 bytes failed: Only part of a ReadProcessMemory or WriteProcessMemory request was completed. (0x12B)
[1216/145941.426:ERROR:process_memory_win.cc(73)] ReadMemory at 0x9ffc7c0860 of 4366 bytes failed: Only part of a ReadProcessMemory or WriteProcessMemory request was completed. (0x12B)
[1216/145941.426:ERROR:process_memory_win.cc(73)] ReadMemory at 0x9ffc7c1980 of 1012 bytes failed: Only part of a ReadProcessMemory or WriteProcessMemory request was completed. (0x12B)
[1216/145941.426:ERROR:process_memory_win.cc(73)] ReadMemory at 0x9ffc7c1f98 of 106 bytes failed: Only part of a ReadProcessMemory or WriteProcessMemory request was completed. (0x12B)
[1216/145941.426:ERROR:process_memory_win.cc(73)] ReadMemory at 0x9ffc7c2004 of 626 bytes failed: Only part of a ReadProcessMemory or WriteProcessMemory request was completed. (0x12B)
[1216/145941.426:ERROR:process_memory_win.cc(73)] ReadMemory at 0x9ffc7c2278 of 106 bytes failed: Only part of a ReadProcessMemory or WriteProcessMemory request was completed. (0x12B)
[1216/145941.456:ERROR:process_memory_win.cc(73)] ReadMemory at 0x9ffc7c22e4 of 100 bytes failed: Only part of a ReadProcessMemory or WriteProcessMemory request was completed. (0x12B)
[1216/145941.472:ERROR:process_memory_win.cc(73)] ReadMemory at 0x9ffc7c2360 of 58 bytes failed: Only part of a ReadProcessMemory or WriteProcessMemory request was completed. (0x12B)
[1216/145941.472:ERROR:process_memory_win.cc(73)] ReadMemory at 0x9ffc7c2460 of 132 bytes failed: Only part of a ReadProcessMemory or WriteProcessMemory request was completed. (0x12B)
[1216/145941.478:ERROR:process_memory_win.cc(73)] ReadMemory at 0x9ffc7c25e0 of 132 bytes failed: Only part of a ReadProcessMemory or WriteProcessMemory request was completed. (0x12B)
[1216/145941.478:ERROR:process_memory_win.cc(73)] ReadMemory at 0x9ffc7c27e0 of 112 bytes failed: Only part of a ReadProcessMemory or WriteProcessMemory request was completed. (0x12B)
[1216/145941.517:ERROR:process_memory_win.cc(73)] ReadMemory at 0x9ffc7c3170 of 132 bytes failed: Only part of a ReadProcessMemory or WriteProcessMemory request was completed. (0x12B)
[1216/145941.517:ERROR:process_memory_win.cc(73)] ReadMemory at 0x9ffc7c3450 of 68 bytes failed: Only part of a ReadProcessMemory or WriteProcessMemory request was completed. (0x12B)
[1216/145941.539:ERROR:process_memory_win.cc(73)] ReadMemory at 0x9ffc7c65f0 of 132 bytes failed: Only part of a ReadProcessMemory or WriteProcessMemory request was completed. (0x12B)
[1216/145941.539:ERROR:process_memory_win.cc(73)] ReadMemory at 0x9ffc7c9fb0 of 140 bytes failed: Only part of a ReadProcessMemory or WriteProcessMemory request was completed. (0x12B)
[1216/145941.557:ERROR:process_memory_win.cc(73)] ReadMemory at 0x9ffc7ca050 of 132 bytes failed: Only part of a ReadProcessMemory or WriteProcessMemory request was completed. (0x12B)
[1216/145941.557:ERROR:process_memory_win.cc(73)] ReadMemory at 0x9ffc7caf50 of 62 bytes failed: Only part of a ReadProcessMemory or WriteProcessMemory request was completed. (0x12B)
[1216/145941.557:ERROR:process_memory_win.cc(73)] ReadMemory at 0x9ffc7cafa0 of 132 bytes failed: Only part of a ReadProcessMemory or WriteProcessMemory request was completed. (0x12B)
[1216/145941.575:ERROR:process_memory_win.cc(73)] ReadMemory at 0x9ffc7cb2e0 of 132 bytes failed: Only part of a ReadProcessMemory or WriteProcessMemory request was completed. (0x12B)
[1216/145941.575:ERROR:process_memory_win.cc(73)] ReadMemory at 0x9ffc7cc1d0 of 62 bytes failed: Only part of a ReadProcessMemory or WriteProcessMemory request was completed. (0x12B)
[1216/145941.575:ERROR:process_memory_win.cc(73)] ReadMemory at 0x9ffc7cc270 of 60 bytes failed: Only part of a ReadProcessMemory or WriteProcessMemory request was completed. (0x12B)
[1216/145941.575:ERROR:process_memory_win.cc(73)] ReadMemory at 0x9ffc7cc2c0 of 60 bytes failed: Only part of a ReadProcessMemory or WriteProcessMemory request was completed. (0x12B)
[1216/145941.575:ERROR:process_memory_win.cc(73)] ReadMemory at 0x9ffc7cc6d0 of 64 bytes failed: Only part of a ReadProcessMemory or WriteProcessMemory request was completed. (0x12B)
[1216/145941.575:ERROR:process_memory_win.cc(73)] ReadMemory at 0x9ffc7cc770 of 62 bytes failed: Only part of a ReadProcessMemory or WriteProcessMemory request was completed. (0x12B)
[1216/145941.575:ERROR:process_memory_win.cc(73)] ReadMemory at 0x9ffc7d5c60 of 132 bytes failed: Only part of a ReadProcessMemory or WriteProcessMemory request was completed. (0x12B)
[1216/145941.575:ERROR:process_memory_win.cc(73)] ReadMemory at 0x9ffc7d67a0 of 80 bytes failed: Only part of a ReadProcessMemory or WriteProcessMemory request was completed. (0x12B)
[1216/145941.626:ERROR:process_memory_win.cc(73)] ReadMemory at 0x9ffc7d7280 of 60 bytes failed: Only part of a ReadProcessMemory or WriteProcessMemory request was completed. (0x12B)
[1216/145941.626:ERROR:process_memory_win.cc(73)] ReadMemory at 0x9ffc7d7370 of 64 bytes failed: Only part of a ReadProcessMemory or WriteProcessMemory request was completed. (0x12B)
[1216/145941.626:ERROR:process_memory_win.cc(73)] ReadMemory at 0x9ffc7d73c0 of 64 bytes failed: Only part of a ReadProcessMemory or WriteProcessMemory request was completed. (0x12B)
[1216/145941.626:ERROR:process_memory_win.cc(73)] ReadMemory at 0x9ffc7d7460 of 66 bytes failed: Only part of a ReadProcessMemory or WriteProcessMemory request was completed. (0x12B)
[1216/145941.626:ERROR:process_memory_win.cc(73)] ReadMemory at 0x9ffc7d7500 of 60 bytes failed: Only part of a ReadProcessMemory or WriteProcessMemory request was completed. (0x12B)
[1216/145941.627:ERROR:process_memory_win.cc(73)] ReadMemory at 0x9ffc7d75a0 of 60 bytes failed: Only part of a ReadProcessMemory or WriteProcessMemory request was completed. (0x12B)
[1216/145941.627:ERROR:process_memory_win.cc(73)] ReadMemory at 0x9ffc7d75f0 of 62 bytes failed: Only part of a ReadProcessMemory or WriteProcessMemory request was completed. (0x12B)
[1216/145941.627:ERROR:process_memory_win.cc(73)] ReadMemory at 0x9ffc7d7640 of 62 bytes failed: Only part of a ReadProcessMemory or WriteProcessMemory request was completed. (0x12B)
[1216/145941.627:ERROR:process_memory_win.cc(73)] ReadMemory at 0x9ffc7d76e0 of 64 bytes failed: Only part of a ReadProcessMemory or WriteProcessMemory request was completed. (0x12B)
[1216/145941.677:ERROR:process_memory_win.cc(73)] ReadMemory at 0x9ffc7d7730 of 58 bytes failed: Only part of a ReadProcessMemory or WriteProcessMemory request was completed. (0x12B)
[1216/145941.677:ERROR:process_memory_win.cc(73)] ReadMemory at 0x9ffc7d77d0 of 62 bytes failed: Only part of a ReadProcessMemory or WriteProcessMemory request was completed. (0x12B)
[1216/145941.677:ERROR:process_memory_win.cc(73)] ReadMemory at 0x9ffc7d7870 of 62 bytes failed: Only part of a ReadProcessMemory or WriteProcessMemory request was completed. (0x12B)
[1216/145941.677:ERROR:process_memory_win.cc(73)] ReadMemory at 0x9ffc7d79b0 of 62 bytes failed: Only part of a ReadProcessMemory or WriteProcessMemory request was completed. (0x12B)
[1216/145941.677:ERROR:process_memory_win.cc(73)] ReadMemory at 0x9ffc7d7aa0 of 62 bytes failed: Only part of a ReadProcessMemory or WriteProcessMemory request was completed. (0x12B)
[1216/145941.677:ERROR:process_memory_win.cc(73)] ReadMemory at 0x9ffc7d7b90 of 64 bytes failed: Only part of a ReadProcessMemory or WriteProcessMemory request was completed. (0x12B)
[1216/145941.677:ERROR:process_memory_win.cc(73)] ReadMemory at 0x9ffc7d7be0 of 64 bytes failed: Only part of a ReadProcessMemory or WriteProcessMemory request was completed. (0x12B)
[1216/145941.677:ERROR:process_memory_win.cc(73)] ReadMemory at 0x9ffc7d7cd0 of 60 bytes failed: Only part of a ReadProcessMemory or WriteProcessMemory request was completed. (0x12B)
[1216/145941.677:ERROR:process_memory_win.cc(73)] ReadMemory at 0x9ffc7d7d20 of 62 bytes failed: Only part of a ReadProcessMemory or WriteProcessMemory request was completed. (0x12B)
[1216/145941.677:ERROR:process_memory_win.cc(73)] ReadMemory at 0x9ffc7d7d70 of 64 bytes failed: Only part of a ReadProcessMemory or WriteProcessMemory request was completed. (0x12B)
[1216/145941.677:ERROR:process_memory_win.cc(73)] ReadMemory at 0x9ffc7d7e60 of 58 bytes failed: Only part of a ReadProcessMemory or WriteProcessMemory request was completed. (0x12B)
[1216/145941.678:ERROR:process_memory_win.cc(73)] ReadMemory at 0x9ffc7d7eb0 of 60 bytes failed: Only part of a ReadProcessMemory or WriteProcessMemory request was completed. (0x12B)
[1216/145941.678:ERROR:process_memory_win.cc(73)] ReadMemory at 0x9ffc7d7fa0 of 58 bytes failed: Only part of a ReadProcessMemory or WriteProcessMemory request was completed. (0x12B)
[1216/145941.678:ERROR:process_memory_win.cc(73)] ReadMemory at 0x9ffc7d7ff0 of 58 bytes failed: Only part of a ReadProcessMemory or WriteProcessMemory request was completed. (0x12B)
[1216/145941.823:ERROR:process_memory_win.cc(73)] ReadMemory at 0x9ffc7d8130 of 60 bytes failed: Only part of a ReadProcessMemory or WriteProcessMemory request was completed. (0x12B)
[1216/145941.834:ERROR:process_memory_win.cc(73)] ReadMemory at 0x9ffc7d90c0 of 54 bytes failed: Only part of a ReadProcessMemory or WriteProcessMemory request was completed. (0x12B)
[1216/145941.855:ERROR:process_memory_win.cc(73)] ReadMemory at 0x9ffc7d9400 of 132 bytes failed: Only part of a ReadProcessMemory or WriteProcessMemory request was completed. (0x12B)
[1216/145941.865:ERROR:process_memory_win.cc(73)] ReadMemory at 0x9ffc7d9520 of 132 bytes failed: Only part of a ReadProcessMemory or WriteProcessMemory request was completed. (0x12B)
[1216/145941.882:ERROR:process_memory_win.cc(73)] ReadMemory at 0x9ffc7d95b0 of 132 bytes failed: Only part of a ReadProcessMemory or WriteProcessMemory request was completed. (0x12B)
[1216/145941.882:ERROR:process_memory_win.cc(73)] ReadMemory at 0x9ffc7d9a00 of 132 bytes failed: Only part of a ReadProcessMemory or WriteProcessMemory request was completed. (0x12B)
[1216/145941.882:ERROR:process_memory_win.cc(73)] ReadMemory at 0x9ffc7dd920 of 132 bytes failed: Only part of a ReadProcessMemory or WriteProcessMemory request was completed. (0x12B)
[1216/145941.882:ERROR:process_memory_win.cc(73)] ReadMemory at 0x9ffc7dda40 of 132 bytes failed: Only part of a ReadProcessMemory or WriteProcessMemory request was completed. (0x12B)
[1216/145941.882:ERROR:process_memory_win.cc(73)] ReadMemory at 0x9ffc7ddb60 of 132 bytes failed: Only part of a ReadProcessMemory or WriteProcessMemory request was completed. (0x12B)
[1216/145941.882:ERROR:process_memory_win.cc(73)] ReadMemory at 0x9ffc7ddc80 of 132 bytes failed: Only part of a ReadProcessMemory or WriteProcessMemory request was completed. (0x12B)
[1216/145941.899:ERROR:process_memory_win.cc(73)] ReadMemory at 0x9ffc7de6c0 of 132 bytes failed: Only part of a ReadProcessMemory or WriteProcessMemory request was completed. (0x12B)
[1216/145941.900:ERROR:process_memory_win.cc(73)] ReadMemory at 0x9ffc7de7e0 of 132 bytes failed: Only part of a ReadProcessMemory or WriteProcessMemory request was completed. (0x12B)
[1216/145941.900:ERROR:process_memory_win.cc(73)] ReadMemory at 0x9ffc7de900 of 132 bytes failed: Only part of a ReadProcessMemory or WriteProcessMemory request was completed. (0x12B)
[1216/145941.900:ERROR:process_memory_win.cc(73)] ReadMemory at 0x9ffc7dea20 of 132 bytes failed: Only part of a ReadProcessMemory or WriteProcessMemory request was completed. (0x12B)
[1216/145941.900:ERROR:process_memory_win.cc(73)] ReadMemory at 0x9ffc7deb40 of 132 bytes failed: Only part of a ReadProcessMemory or WriteProcessMemory request was completed. (0x12B)
[1216/145941.900:ERROR:process_memory_win.cc(73)] ReadMemory at 0x9ffc7dec60 of 132 bytes failed: Only part of a ReadProcessMemory or WriteProcessMemory request was completed. (0x12B)
[1216/145941.900:ERROR:process_memory_win.cc(73)] ReadMemory at 0x9ffc7ded80 of 132 bytes failed: Only part of a ReadProcessMemory or WriteProcessMemory request was completed. (0x12B)
[1216/145941.901:ERROR:process_memory_win.cc(73)] ReadMemory at 0x9ffc7deea0 of 132 bytes failed: Only part of a ReadProcessMemory or WriteProcessMemory request was completed. (0x12B)
[1216/145941.901:ERROR:process_memory_win.cc(73)] ReadMemory at 0x9ffc7defc0 of 132 bytes failed: Only part of a ReadProcessMemory or WriteProcessMemory request was completed. (0x12B)
[1216/145941.909:ERROR:process_memory_win.cc(73)] ReadMemory at 0x9ffc7df0e0 of 132 bytes failed: Only part of a ReadProcessMemory or WriteProcessMemory request was completed. (0x12B)
[1216/145941.909:ERROR:process_memory_win.cc(73)] ReadMemory at 0x9ffc7df200 of 132 bytes failed: Only part of a ReadProcessMemory or WriteProcessMemory request was completed. (0x12B)
[1216/145941.931:ERROR:process_memory_win.cc(73)] ReadMemory at 0x9ffc7df320 of 132 bytes failed: Only part of a ReadProcessMemory or WriteProcessMemory request was completed. (0x12B)
[1216/145941.938:ERROR:process_memory_win.cc(73)] ReadMemory at 0x9ffc7df440 of 132 bytes failed: Only part of a ReadProcessMemory or WriteProcessMemory request was completed. (0x12B)
[1216/145941.938:ERROR:process_memory_win.cc(73)] ReadMemory at 0x9ffc7dfa70 of 132 bytes failed: Only part of a ReadProcessMemory or WriteProcessMemory request was completed. (0x12B)
[1216/145941.938:ERROR:process_memory_win.cc(73)] ReadMemory at 0x9ffc7e0010 of 132 bytes failed: Only part of a ReadProcessMemory or WriteProcessMemory request was completed. (0x12B)
[1216/145941.938:ERROR:process_memory_win.cc(73)] ReadMemory at 0x9ffc7e06d0 of 132 bytes failed: Only part of a ReadProcessMemory or WriteProcessMemory request was completed. (0x12B)
[1216/145941.938:ERROR:process_memory_win.cc(73)] ReadMemory at 0x9ffc7e0910 of 132 bytes failed: Only part of a ReadProcessMemory or WriteProcessMemory request was completed. (0x12B)
[1216/145941.939:ERROR:process_memory_win.cc(73)] ReadMemory at 0x9ffc7e0a30 of 132 bytes failed: Only part of a ReadProcessMemory or WriteProcessMemory request was completed. (0x12B)
[1216/145941.939:ERROR:process_memory_win.cc(73)] ReadMemory at 0x9ffc7e0eb0 of 132 bytes failed: Only part of a ReadProcessMemory or WriteProcessMemory request was completed. (0x12B)
[1216/145941.939:ERROR:process_memory_win.cc(73)] ReadMemory at 0x9ffc7e0fd0 of 132 bytes failed: Only part of a ReadProcessMemory or WriteProcessMemory request was completed. (0x12B)
[1216/145942.003:ERROR:process_memory_win.cc(73)] ReadMemory at 0x9ffc7e10f0 of 132 bytes failed: Only part of a ReadProcessMemory or WriteProcessMemory request was completed. (0x12B)
[1216/145942.050:ERROR:process_memory_win.cc(73)] ReadMemory at 0x9ffc7e1210 of 132 bytes failed: Only part of a ReadProcessMemory or WriteProcessMemory request was completed. (0x12B)
[1216/145942.059:ERROR:process_memory_win.cc(73)] ReadMemory at 0x9ffc7e1690 of 132 bytes failed: Only part of a ReadProcessMemory or WriteProcessMemory request was completed. (0x12B)
[1216/145942.059:ERROR:process_memory_win.cc(73)] ReadMemory at 0x7f7b3dfb000 of 6024 bytes failed: Only part of a ReadProcessMemory or WriteProcessMemory request was completed. (0x12B)
[1216/145942.059:ERROR:process_memory_win.cc(73)] ReadMemory at 0x7f7b3dfd000 of 6024 bytes failed: Only part of a ReadProcessMemory or WriteProcessMemory request was completed. (0x12B)
[1216/145942.059:ERROR:process_memory_win.cc(73)] ReadMemory at 0x7f7b3dff000 of 852 bytes failed: Only part of a ReadProcessMemory or WriteProcessMemory request was completed. (0x12B)
[1216/145942.059:ERROR:process_memory_win.cc(73)] ReadMemory at 0x7fe55fda220 of 512 bytes failed: Only part of a ReadProcessMemory or WriteProcessMemory request was completed. (0x12B)
[1216/145942.059:ERROR:process_memory_win.cc(73)] ReadMemory at 0x7fe55fda917 of 512 bytes failed: Only part of a ReadProcessMemory or WriteProcessMemory request was completed. (0x12B)
[1216/145942.059:ERROR:process_memory_win.cc(73)] ReadMemory at 0x7fe715f2b6a of 512 bytes failed: Only part of a ReadProcessMemory or WriteProcessMemory request was completed. (0x12B)
[1216/145942.059:ERROR:process_memory_win.cc(73)] ReadMemory at 0x7fe7165a558 of 18 bytes failed: Only part of a ReadProcessMemory or WriteProcessMemory request was completed. (0x12B)
[1216/145942.150:ERROR:process_memory_win.cc(73)] ReadMemory at 0x7fe71726100 of 40 bytes failed: Only part of a ReadProcessMemory or WriteProcessMemory request was completed. (0x12B)
[1216/145942.150:ERROR:process_memory_win.cc(73)] ReadMemory at 0x7fe717268c0 of 64 bytes failed: Only part of a ReadProcessMemory or WriteProcessMemory request was completed. (0x12B)
[1216/145942.158:ERROR:process_memory_win.cc(73)] ReadMemory at 0x7fe7172c0e0 of 48 bytes failed: Only part of a ReadProcessMemory or WriteProcessMemory request was completed. (0x12B)
[1216/145942.310:ERROR:scoped_process_suspend.cc(40)] NtResumeProcess: An attempt was made to access an exiting process. (0xc000010a)
